Performing C SOURCE FILE Test CMAKE_HAVE_LIBC_PTHREAD failed with the following output:
Change Dir: /home/peterpan/camera_models_cv4/build/CMakeFiles/CMakeTmp

Run Build Command(s):/usr/bin/ninja cmTC_8523c && [1/2] Building C object CMakeFiles/cmTC_8523c.dir/src.c.o
[2/2] Linking C executable cmTC_8523c
FAILED: cmTC_8523c 
: && /usr/bin/aarch64-linux-gnu-gcc -DCMAKE_HAVE_LIBC_PTHREAD  -rdynamic CMakeFiles/cmTC_8523c.dir/src.c.o  -o cmTC_8523c   && :
/usr/bin/ld: CMakeFiles/cmTC_8523c.dir/src.c.o: in function `main':
src.c:(.text+0x48): undefined reference to `pthread_create'
/usr/bin/ld: src.c:(.text+0x50): undefined reference to `pthread_detach'
/usr/bin/ld: src.c:(.text+0x5c): undefined reference to `pthread_join'
collect2: error: ld returned 1 exit status
ninja: build stopped: subcommand failed.


Source file was:
#include <pthread.h>

void* test_func(void* data)
{
  return data;
}

int main(void)
{
  pthread_t thread;
  pthread_create(&thread, NULL, test_func, NULL);
  pthread_detach(thread);
  pthread_join(thread, NULL);
  pthread_atfork(NULL, NULL, NULL);
  pthread_exit(NULL);

  return 0;
}

Determining if the function pthread_create exists in the pthreads failed with the following output:
Change Dir: /home/peterpan/camera_models_cv4/build/CMakeFiles/CMakeTmp

Run Build Command(s):/usr/bin/ninja cmTC_3153b && [1/2] Building C object CMakeFiles/cmTC_3153b.dir/CheckFunctionExists.c.o
[2/2] Linking C executable cmTC_3153b
FAILED: cmTC_3153b 
: && /usr/bin/aarch64-linux-gnu-gcc -DCHECK_FUNCTION_EXISTS=pthread_create  -rdynamic CMakeFiles/cmTC_3153b.dir/CheckFunctionExists.c.o  -o cmTC_3153b  -lpthreads && :
/usr/bin/ld: cannot find -lpthreads
collect2: error: ld returned 1 exit status
ninja: build stopped: subcommand failed.



Determining if the function sgemm_ exists failed with the following output:
Change Dir: /home/peterpan/camera_models_cv4/build/CMakeFiles/CMakeTmp

Run Build Command(s):/usr/bin/ninja cmTC_4bf22 && [1/2] Building C object CMakeFiles/cmTC_4bf22.dir/CheckFunctionExists.c.o
[2/2] Linking C executable cmTC_4bf22
FAILED: cmTC_4bf22 
: && /usr/bin/aarch64-linux-gnu-gcc -DCHECK_FUNCTION_EXISTS=sgemm_  -rdynamic CMakeFiles/cmTC_4bf22.dir/CheckFunctionExists.c.o  -o cmTC_4bf22   && :
/usr/bin/ld: CMakeFiles/cmTC_4bf22.dir/CheckFunctionExists.c.o: in function `main':
CheckFunctionExists.c:(.text+0x10): undefined reference to `sgemm_'
collect2: error: ld returned 1 exit status
ninja: build stopped: subcommand failed.



Determining if the function cheev_ exists failed with the following output:
Change Dir: /home/peterpan/camera_models_cv4/build/CMakeFiles/CMakeTmp

Run Build Command(s):/usr/bin/ninja cmTC_3e5e2 && [1/2] Building C object CMakeFiles/cmTC_3e5e2.dir/CheckFunctionExists.c.o
[2/2] Linking C executable cmTC_3e5e2
FAILED: cmTC_3e5e2 
: && /usr/bin/aarch64-linux-gnu-gcc -DCHECK_FUNCTION_EXISTS=cheev_  -rdynamic CMakeFiles/cmTC_3e5e2.dir/CheckFunctionExists.c.o  -o cmTC_3e5e2  /usr/lib/aarch64-linux-gnu/libblas.so && :
/usr/bin/ld: CMakeFiles/cmTC_3e5e2.dir/CheckFunctionExists.c.o: in function `main':
CheckFunctionExists.c:(.text+0x10): undefined reference to `cheev_'
collect2: error: ld returned 1 exit status
ninja: build stopped: subcommand failed.



